0 info it worked if it ends with ok
1 verbose cli [ 'node', '/usr/bin/npm', 'version', '0.1.1' ]
2 info using npm@1.3.6
3 info using node@v0.10.30
4 error Error: Git working directory not clean.
4 error M src/Property.jsx
4 error M src/index.jsx
4 error M test.jsx
4 error M test.props.js
4 error     at /usr/lib/node_modules/npm/lib/version.js:97:35
4 error     at ChildProcess.exithandler (child_process.js:646:7)
4 error     at ChildProcess.emit (events.js:98:17)
4 error     at maybeClose (child_process.js:756:16)
4 error     at Socket.<anonymous> (child_process.js:969:11)
4 error     at Socket.emit (events.js:95:17)
4 error     at Pipe.close (net.js:465:12)
5 error If you need help, you may report this log at:
5 error     <http://github.com/isaacs/npm/issues>
5 error or email it to:
5 error     <npm-@googlegroups.com>
6 error System Linux 3.15.8-200.fc20.x86_64
7 error command "node" "/usr/bin/npm" "version" "0.1.1"
8 error cwd /home/radu/code/entity-designer/lib/property-grid
9 error node -v v0.10.30
10 error npm -v 1.3.6
11 verbose exit [ 1, true ]
